<?xml version="1.0" encoding="UTF-8"?>
<!-- Generated by org.testng.reporters.JUnitReportReporter -->
<testsuite skipped="0" hostname="BNGTSI52001317" name="com.moneyroom.test.regression.LoginVerification" tests="3" failures="0" timestamp="13 Sep 2018 10:17:17 GMT" time="36.927" errors="0">
  <testcase name="InvalidLoginTest" time="11.180" classname="com.moneyroom.test.regression.LoginVerification"/>
  <testcase name="InvalidUsernamePasswordLogin" time="13.234" classname="com.moneyroom.test.regression.LoginVerification"/>
  <testcase name="Login_Logout_Verification" time="12.513" classname="com.moneyroom.test.regression.LoginVerification"/>
</testsuite> <!-- com.moneyroom.test.regression.LoginVerification -->
