<?xml version="1.0" encoding="UTF-8"?>
<!-- Generated by org.testng.reporters.JUnitReportReporter -->
<testsuite skipped="0" hostname="BNGTSI52001317" name="com.moneyroom.test.regression.IssueManagerSupervisorFundVerification" tests="1" failures="0" timestamp="13 Sep 2018 10:17:17 GMT" time="40.178" errors="0">
  <testcase name="IssueManagerSupervisorFundTest" time="40.178" classname="com.moneyroom.test.regression.IssueManagerSupervisorFundVerification"/>
</testsuite> <!-- com.moneyroom.test.regression.IssueManagerSupervisorFundVerification -->
