<?xml version="1.0" encoding="UTF-8"?>
<!-- Generated by org.testng.reporters.JUnitReportReporter -->
<testsuite skipped="0" hostname="BNGTSI52001317" name="com.moneyroom.test.regression.ReturnCollectorTourFundVerification" tests="1" failures="0" timestamp="13 Sep 2018 10:17:17 GMT" time="24.119" errors="0">
  <testcase name="ReturnCollectorTourFundTest" time="24.119" classname="com.moneyroom.test.regression.ReturnCollectorTourFundVerification"/>
</testsuite> <!-- com.moneyroom.test.regression.ReturnCollectorTourFundVerification -->
