<?xml version="1.0" encoding="UTF-8"?>
<!-- Generated by org.testng.reporters.JUnitReportReporter -->
<testsuite hostname="BNGTSI52001317" name="com.moneyroom.test.regression.IssueCollectorTourFundVerification" tests="1" failures="0" timestamp="17 Sep 2018 09:12:22 GMT" time="34.246" errors="0">
  <testcase name="IssueCollectorTourFundTest" time="34.246" classname="com.moneyroom.test.regression.IssueCollectorTourFundVerification"/>
</testsuite> <!-- com.moneyroom.test.regression.IssueCollectorTourFundVerification -->
