<?xml version="1.0" encoding="UTF-8"?>
<!-- Generated by org.testng.reporters.JUnitReportReporter -->
<testsuite hostname="BNGTSI52001317" name="com.moneyroom.test.regression.LoginVerification" tests="3" failures="0" timestamp="17 Sep 2018 09:12:22 GMT" time="35.536" errors="0">
  <testcase name="Login_Logout_Verification" time="11.986" classname="com.moneyroom.test.regression.LoginVerification"/>
  <testcase name="InvalidLoginTest" time="11.207" classname="com.moneyroom.test.regression.LoginVerification"/>
  <testcase name="InvalidUsernamePasswordLogin" time="12.343" classname="com.moneyroom.test.regression.LoginVerification"/>
</testsuite> <!-- com.moneyroom.test.regression.LoginVerification -->
