<?xml version="1.0" encoding="UTF-8"?>
<!-- Generated by org.testng.reporters.JUnitReportReporter -->
<testsuite hostname="BNGTSI52001317" name="com.moneyroom.test.regression.IssueManagerSupervisorFundVerification" tests="1" failures="0" timestamp="17 Sep 2018 09:12:22 GMT" time="86.318" errors="0">
  <testcase name="IssueManagerSupervisorFundTest" time="86.318" classname="com.moneyroom.test.regression.IssueManagerSupervisorFundVerification"/>
</testsuite> <!-- com.moneyroom.test.regression.IssueManagerSupervisorFundVerification -->
