<?xml version="1.0" encoding="UTF-8"?>
<!-- Generated by org.testng.reporters.JUnitReportReporter -->
<testsuite hostname="BNGTSI52001317" name="com.moneyroom.test.regression.ReturnCollectorTourFundVerification" tests="1" failures="0" timestamp="17 Sep 2018 09:12:22 GMT" time="94.426" errors="0">
  <testcase name="ReturnCollectorTourFundTest" time="94.426" classname="com.moneyroom.test.regression.ReturnCollectorTourFundVerification"/>
</testsuite> <!-- com.moneyroom.test.regression.ReturnCollectorTourFundVerification -->
